[17:14:08] [main/INFO]: Loading Minecraft 1.21.5 with Fabric Loader 0.17.2
[17:14:09] [main/WARN]: Warnings were found!
 - Mod 'Debugify' (debugify) 1.21.5+1.0 recommends any version of modmenu, which is missing!
	 - You should install any version of modmenu for the optimal experience.
 - Mod 'Forge Config API Port' (forgeconfigapiport) 21.5.3 recommends any version of modmenu, which is missing!
	 - You should install any version of modmenu for the optimal experience.
[17:14:09] [main/INFO]: Loading 132 mods:
	- c2me 0.3.3.0.0+1.21.5
	   |-- c2me-base 0.3.3.0.0+1.21.5
	   |-- c2me-client-uncapvd 0.3.3.0.0+1.21.5
	   |-- c2me-fixes-chunkio-threading-issues 0.3.3.0.0+1.21.5
	   |-- c2me-fixes-general-threading-issues 0.3.3.0.0+1.21.5
	   |-- c2me-fixes-worldgen-threading-issues 0.3.3.0.0+1.21.5
	   |-- c2me-fixes-worldgen-vanilla-bugs 0.3.3.0.0+1.21.5
	   |-- c2me-notickvd 0.3.3.0.0+1.21.5
	   |-- c2me-opts-allocs 0.3.3.0.0+1.21.5
	   |-- c2me-opts-chunkio 0.3.3.0.0+1.21.5
	   |-- c2me-opts-dfc 0.3.3.0.0+1.21.5
	   |-- c2me-opts-math 0.3.3.0.0+1.21.5
	   |-- c2me-opts-scheduling 0.3.3.0.0+1.21.5
	   |-- c2me-opts-worldgen-general 0.3.3.0.0+1.21.5
	   |-- c2me-opts-worldgen-vanilla 0.3.3.0.0+1.21.5
	   |-- c2me-rewrites-chunk-serializer 0.3.3.0.0+1.21.5
	   |-- c2me-rewrites-chunk-system 0.3.3.0.0+1.21.5
	   |-- c2me-rewrites-chunkio 0.3.3.0.0+1.21.5
	   |-- c2me-server-utils 0.3.3.0.0+1.21.5
	   |-- c2me-threading-lighting 0.3.3.0.0+1.21.5
	   |-- com_ibm_async_asyncutil 0.1.0
	   |-- io_reactivex_rxjava3_rxjava 3.1.8
	   |-- mixinsquared 0.2.0-beta.6
	   |-- net_objecthunter_exp4j 0.4.8
	   |-- org_jctools_jctools-core 4.0.5
	   \-- org_reactivestreams_reactive-streams 1.0.4
	- cardinal-components 6.3.1
	   |-- cardinal-components-base 6.3.1
	   |-- cardinal-components-block 6.3.1
	   |-- cardinal-components-chunk 6.3.1
	   |-- cardinal-components-entity 6.3.1
	   |-- cardinal-components-item 6.3.1
	   |-- cardinal-components-level 6.3.1
	   |-- cardinal-components-scoreboard 6.3.1
	   \-- cardinal-components-world 6.3.1
	- chunky 1.4.36
	- cloth-config 18.0.145
	   \-- cloth-basic-math 0.6.1
	- debugify 1.21.5+1.0
	- fabric-api 0.128.2+1.21.5
	   |-- fabric-api-base 0.4.62+73a52b4b49
	   |-- fabric-api-lookup-api-v1 1.6.96+86c3a9f149
	   |-- fabric-biome-api-v1 16.0.7+2dd063df49
	   |-- fabric-block-api-v1 1.1.0+ed91556f49
	   |-- fabric-block-view-api-v2 1.0.26+aa6d566c49
	   |-- fabric-blockrenderlayer-v1 2.0.16+86c3a9f149
	   |-- fabric-client-tags-api-v1 1.1.37+86c3a9f149
	   |-- fabric-command-api-v1 1.2.70+f71b366f49
	   |-- fabric-command-api-v2 2.2.49+73a52b4b49
	   |-- fabric-commands-v0 0.2.87+df3654b349
	   |-- fabric-content-registries-v0 10.0.14+3e6c1f7d49
	   |-- fabric-convention-tags-v1 2.1.33+7f945d5b49
	   |-- fabric-convention-tags-v2 2.15.2+6d9989f349
	   |-- fabric-crash-report-info-v1 0.3.12+86c3a9f149
	   |-- fabric-data-attachment-api-v1 1.8.5+6d9989f349
	   |-- fabric-data-generation-api-v1 22.5.2+a0fab30c49
	   |-- fabric-dimensions-v1 4.0.17+3e6c1f7d49
	   |-- fabric-entity-events-v1 2.1.0+3ce7866349
	   |-- fabric-events-interaction-v0 4.0.15+64e3057949
	   |-- fabric-game-rule-api-v1 1.0.70+c327076a49
	   |-- fabric-item-api-v1 11.5.0+0620fe4749
	   |-- fabric-item-group-api-v1 4.2.9+3459fc6149
	   |-- fabric-key-binding-api-v1 1.0.63+ecf51cdc49
	   |-- fabric-keybindings-v0 0.2.61+df3654b349
	   |-- fabric-lifecycle-events-v1 2.6.0+230071a049
	   |-- fabric-loot-api-v2 3.0.48+3f89f5a549
	   |-- fabric-loot-api-v3 1.0.36+86c3a9f149
	   |-- fabric-message-api-v1 6.1.0+fe971bba49
	   |-- fabric-model-loading-api-v1 5.2.3+5281b90749
	   |-- fabric-networking-api-v1 4.5.0+775be32c49
	   |-- fabric-object-builder-api-v1 21.1.2+b8d6ba7049
	   |-- fabric-particles-v1 4.1.2+112e550e49
	   |-- fabric-recipe-api-v1 8.1.8+3235ab3249
	   |-- fabric-registry-sync-v0 6.1.22+cd64004349
	   |-- fabric-renderer-api-v1 6.1.2+bdf4842249
	   |-- fabric-renderer-indigo 3.1.2+5281b90749
	   |-- fabric-rendering-data-attachment-v1 0.3.64+73761d2e49
	   |-- fabric-rendering-fluids-v1 3.1.27+86c3a9f149
	   |-- fabric-rendering-v1 11.3.0+a272b33849
	   |-- fabric-resource-conditions-api-v1 5.0.21+73a52b4b49
	   |-- fabric-resource-loader-v0 3.1.7+847e5f5c49
	   |-- fabric-screen-api-v1 2.0.46+86c3a9f149
	   |-- fabric-screen-handler-api-v1 1.3.129+c327076a49
	   |-- fabric-sound-api-v1 1.0.38+86c3a9f149
	   |-- fabric-tag-api-v1 1.0.17+ecf51cdc49
	   |-- fabric-transfer-api-v1 5.4.24+7b20cbb049
	   \-- fabric-transitive-access-wideners-v1 6.3.17+f17a180c49
	- fabric-language-kotlin 1.13.4+kotlin.2.2.0
	   |-- org_jetbrains_kotlin_kotlin-reflect 2.2.0
	   |-- org_jetbrains_kotlin_kotlin-stdlib 2.2.0
	   |-- org_jetbrains_kotlin_kotlin-stdlib-jdk7 2.2.0
	   |-- org_jetbrains_kotlin_kotlin-stdlib-jdk8 2.2.0
	   |-- org_jetbrains_kotlinx_atomicfu-jvm 0.28.0
	   |-- org_jetbrains_kotlinx_kotlinx-coroutines-core-jvm 1.10.2
	   |-- org_jetbrains_kotlinx_kotlinx-coroutines-jdk8 1.10.2
	   |-- org_jetbrains_kotlinx_kotlinx-datetime-jvm 0.6.2
	   |-- org_jetbrains_kotlinx_kotlinx-io-bytestring-jvm 0.7.0
	   |-- org_jetbrains_kotlinx_kotlinx-io-core-jvm 0.7.0
	   |-- org_jetbrains_kotlinx_kotlinx-serialization-cbor-jvm 1.8.1
	   |-- org_jetbrains_kotlinx_kotlinx-serialization-core-jvm 1.8.1
	   \-- org_jetbrains_kotlinx_kotlinx-serialization-json-jvm 1.8.1
	- fabricloader 0.17.2
	   \-- mixinextras 0.5.0
	- ferritecore 8.0.0
	- forgeconfigapiport 21.5.3
	   |-- com_electronwill_night-config_core 3.8.1
	   \-- com_electronwill_night-config_toml 3.8.1
	- fsit 2.8.2+mc1.21.2
	- java 21
	- krypton 0.2.9
	   \-- com_velocitypowered_velocity-native 3.4.0-SNAPSHOT
	- ksyxis 1.3.4
	- lazy_ai_pixelindiedev 1.3.2
	- leashmod 1.2.2+1.21.5
	- leavesbegone 21.5.2
	- lithium 0.16.3+mc1.21.5
	- luckperms 5.5.4
	   \-- fabric-permissions-api-v0 0.3.3
	- memory-check 1.5
	- minecraft 1.21.5
	- modernfix 5.20.6
	- mr_ly_clumps 1-v1.0.3
	- nemos-better-mending 1.21.5-1.1.1
	- packetfixer 3.3.1
	- puzzleslib 21.5.13
	- shulker_bundle 1.1
	   \-- fabric-permissions-api-v0 0.3.3
	- trade_cycling 1.21.5-1.0.18
	   |-- fabric-key-binding-api-v1 1.0.63+ecf51cdc07
	   \-- fabric-screen-api-v1 2.0.46+86c3a9f107
	- travelersbackpack 10.5.3
	- tt20 0.7.2
	   \-- net_snackbag_shit_shit 1.2.3
	- vcinteraction 1.21.5-1.0.8
	   \-- polymer-registry-sync-manipulator 0.12.1+1.21.5-rc2
	- voicechat 1.21.5-2.6.6
	   |-- fabric-key-binding-api-v1 1.0.63+ecf51cdc07
	   |-- fabric-rendering-v1 11.1.11+081cc04307
	   \-- voicechat_api 2.6.0
	- yet_another_config_lib_v3 3.8.0+1.21.5-fabric
	   |-- com_twelvemonkeys_common_common-image 3.12.0
	   |-- com_twelvemonkeys_common_common-io 3.12.0
	   |-- com_twelvemonkeys_common_common-lang 3.12.0
	   |-- com_twelvemonkeys_imageio_imageio-core 3.12.0
	   |-- com_twelvemonkeys_imageio_imageio-metadata 3.12.0
	   |-- com_twelvemonkeys_imageio_imageio-webp 3.12.0
	   |-- org_quiltmc_parsers_gson 0.2.1
	   \-- org_quiltmc_parsers_json 0.2.1
[17:14:09] [main/INFO]: SpongePowered MIXIN Subsystem Version=0.8.7 Source=file:/workspaces/1.21.10-Definitivo./servidor_minecraft/libraries/net/fabricmc/sponge-mixin/0.16.3+mixin.0.8.7/sponge-mixin-0.16.3+mixin.0.8.7.jar Service=Knot/Fabric Env=SERVER
[17:14:09] [main/INFO]: Compatibility level set to JAVA_16
[17:14:09] [main/INFO]: Compatibility level set to JAVA_17
[17:14:09] [main/INFO]: Compatibility level set to JAVA_21
[17:14:09] [main/INFO]: Initializing com.ishland.c2me.base.mixin
[17:14:09] [main/INFO]: Global Executor Parallelism: 3 configured, 3 evaluated, 3 default evaluated
[17:14:09] [main/INFO]: Initializing com.ishland.c2me.fixes.chunkio.threading_issues.mixin
[17:14:09] [main/INFO]: Initializing com.ishland.c2me.fixes.general.threading_issues.mixin
[17:14:09] [main/INFO]: Initializing com.ishland.c2me.fixes.worldgen.threading_issues.mixin
[17:14:09] [main/INFO]: Initializing com.ishland.c2me.fixes.worldgen.vanilla_bugs.mixin
[17:14:09] [main/INFO]: Initializing com.ishland.c2me.notickvd.mixin
[17:14:09] [main/INFO]: Initializing com.ishland.c2me.opts.allocs.mixin
[17:14:09] [main/INFO]: Initializing com.ishland.c2me.opts.chunkio.mixin
[17:14:09] [main/INFO]: Initializing com.ishland.c2me.opts.dfc.mixin
[17:14:09] [main/INFO]: Initializing com.ishland.c2me.opts.math.mixin
[17:14:09] [main/INFO]: Initializing com.ishland.c2me.opts.scheduling.mixin
[17:14:09] [main/INFO]: Initializing com.ishland.c2me.opts.worldgen.general.mixin
[17:14:09] [main/INFO]: Initializing com.ishland.c2me.opts.worldgen.vanilla.mixin
[17:14:09] [main/INFO]: Initializing com.ishland.c2me.rewrites.chunk_serializer.mixin
[17:14:09] [main/INFO]: Disabling com.ishland.c2me.rewrites.chunk_serializer.mixin
[17:14:09] [main/INFO]: Initializing com.ishland.c2me.rewrites.chunksystem.mixin
[17:14:09] [main/INFO]: Initializing com.ishland.c2me.rewrites.chunkio.mixin
[17:14:09] [main/INFO]: Initializing com.ishland.c2me.server.utils.mixin
[17:14:09] [main/INFO]: Initializing com.ishland.c2me.threading.lighting.mixin
[17:14:09] [main/WARN]: Reference map 'forgeconfigapiport.common.refmap.json' for forgeconfigapiport.common.mixins.json could not be read. If this is a development environment you can ignore this message
[17:14:09] [main/WARN]: Reference map 'leavesbegone.fabric.refmap.json' for leavesbegone.fabric.mixins.json could not be read. If this is a development environment you can ignore this message
[17:14:09] [main/WARN]: Mod 'ferritecore' attempted to override option 'mixin.alloc.blockstate', which doesn't exist, ignoring
[17:14:09] [main/INFO]: Loaded configuration file for Lithium: 157 options available, 0 override(s) found.
[17:14:10] [main/INFO]: Loaded configuration file for ModernFix 5.20.6: 58 options available, 3 override(s) found
[17:14:10] [main/WARN]: Option 'mixin.bugfix.paper_chunk_patches' overriden (by mods [c2me]) to 'false'
[17:14:10] [main/WARN]: Option 'mixin.perf.cache_strongholds' overriden (by mods [c2me]) to 'false'
[17:14:10] [main/WARN]: Option 'mixin.bugfix.chunk_deadlock' overriden (by mods [c2me]) to 'false'
[17:14:10] [main/INFO]: Applying Nashorn fix
[17:14:10] [main/INFO]: Packet Fixer forge 1.20.5-1.21.X has been applied successfully.
[17:14:10] [main/WARN]: Reference map 'yet_another_config_lib_v3.refmap.json' for yacl.mixins.json could not be read. If this is a development environment you can ignore this message
[17:14:10] [main/WARN]: Reference map 'yet_another_config_lib_v3.refmap.json' for yacl-fabric.mixins.json could not be read. If this is a development environment you can ignore this message
[17:14:10] [main/WARN]: Error loading class: ca/spottedleaf/starlight/common/thread/SchedulingUtil (java.lang.ClassNotFoundException: ca/spottedleaf/starlight/common/thread/SchedulingUtil)
[17:14:10] [main/WARN]: Error loading class: com/electronwill/nightconfig/core/io/IoUtils (java.lang.ClassNotFoundException: com/electronwill/nightconfig/core/io/IoUtils)
[17:14:10] [main/INFO]: Initializing MixinExtras via com.llamalad7.mixinextras.service.MixinExtrasServiceImpl(version=0.5.0).
[17:14:13] [main/WARN]: Method overwrite conflict for method_21740 in modernfix-common.mixins.json:perf.remove_biome_temperature_cache.BiomeMixin from mod modernfix, previously written by net.caffeinemc.mods.lithium.mixin.world.temperature_cache.BiomeMixin. Skipping method.
[17:14:18] [main/INFO]: Vanilla bootstrap took 6866 milliseconds
[17:14:18] [main/INFO]: Enabled 27 bug fixes: [MC-2025, MC-7569, MC-8187, MC-30391, MC-69216, MC-88371, MC-89146, MC-93018, MC-100991, MC-119417, MC-119754, MC-121706, MC-121903, MC-129909, MC-132878, MC-155509, MC-160095, MC-179072, MC-183990, MC-199467, MC-200418, MC-206922, MC-215530, MC-223153, MC-224729, MC-231743, MC-232869]
[17:14:18] [main/INFO]: Successfully Debugify'd your game!
[17:14:19] [main/INFO]: Compression will use libdeflate (Linux x86_64), encryption will use OpenSSL 3.x.x (Linux x86_64)
[17:14:19] [main/INFO]: Ksyxis: Booting... (platform: Fabric/KFabric, manual: false)
[17:14:19] [main/INFO]: Ksyxis: Ready. As always, this mod will speed up your world loading and might or might not break it. (mixinVersion: 0.8.7, time: 0 ms)
[17:14:19] [main/INFO]: Initialized LeashPlayers
[17:14:19] [main/INFO]: Constructing common components for leavesbegone:main
[17:14:19] [main/INFO]: Thank you for using Nemo's Better Mending!
[17:14:19] [main/INFO]: Constructing common components for puzzleslib:main
[17:14:19] [main/INFO]: shulkerbundle loaded!
[17:14:19] [main/INFO]: Registered the FluidEffect with Unique ID of minecraft:water for Water (Fluid Amount Required: 81000) with the ID 0
[17:14:19] [main/INFO]: Registered the FluidEffect with Unique ID of minecraft:lava for Lava (Fluid Amount Required: 81000) with the ID 1
[17:14:19] [main/INFO]: Registered the FluidEffect with Unique ID of travelersbackpack:potion for block.travelersbackpack.potion_still (Fluid Amount Required: 27000) with the ID 2
[17:14:19] [main/INFO]: Registered the FluidEffect with Unique ID of minecraft:milk for Air (Fluid Amount Required: 81000) with the ID 3
[17:14:19] [main/INFO]: Starting TT20...
[17:14:19] [ForkJoinPool.commonPool-worker-2/INFO]: (TT20) Checking for updates...
[17:14:19] [main/INFO]: [voicechat] Compatibility version 20
[17:14:19] [main/INFO]: [voicechat] Loading plugins
[17:14:19] [main/INFO]: [voicechat] Loaded 1 plugin(s)
[17:14:19] [main/INFO]: [voicechat] Initializing plugins
[17:14:19] [main/INFO]: [voicechat] Initialized 1 plugin(s)
[17:14:19] [main/INFO]: [voicechat] Registering events for 'vcinteraction'
[17:14:19] [main/INFO]: Krypton is now accelerating your Minecraft server's networking stack 🚀
[17:14:20] [main/INFO]: Loading configuration...
[17:14:20] [ForkJoinPool.commonPool-worker-2/INFO]: (TT20) Running the latest version
[17:14:20] [main/INFO]: Environment: Environment[sessionHost=https://sessionserver.mojang.com, servicesHost=https://api.minecraftservices.com, name=PROD]
[17:14:20] [main/ERROR]: Failed to start the minecraft server
net.minecraft.class_5125$class_5126: /workspaces/1.21.10-Definitivo./servidor_minecraft/./world/session.lock: already locked (possibly by other Minecraft instance?)
	at knot/net.minecraft.class_5125$class_5126.method_26805(class_5125.java:95) ~[server-intermediary.jar:?]
	at knot/net.minecraft.class_5125.method_26803(class_5125.java:41) ~[server-intermediary.jar:?]
	at knot/net.minecraft.class_32$class_5143.<init>(class_32.java:374) ~[server-intermediary.jar:?]
	at knot/net.minecraft.class_32.method_52236(class_32.java:353) ~[server-intermediary.jar:?]
	at knot/net.minecraft.server.Main.main(Main.java:139) [server-intermediary.jar:?]
	at net.fabricmc.loader.impl.game.minecraft.MinecraftGameProvider.launch(MinecraftGameProvider.java:506) [fabric-loader-0.17.2.jar:?]
	at net.fabricmc.loader.impl.launch.knot.Knot.launch(Knot.java:72) [fabric-loader-0.17.2.jar:?]
	at net.fabricmc.loader.impl.launch.knot.KnotServer.main(KnotServer.java:23) [fabric-loader-0.17.2.jar:?]
	at net.fabricmc.loader.impl.launch.server.FabricServerLauncher.main(FabricServerLauncher.java:69) [fabric-loader-0.17.2.jar:?]
	at net.fabricmc.installer.ServerLauncher.main(ServerLauncher.java:69) [fabric-server-launch.jar:1.0.1]
